{"/home/peter/projects/csv-filter/lib/duplicateRemover.js": {"path":"/home/peter/projects/csv-filter/lib/duplicateRemover.js","statementMap":{"0":{"start":{"line":1,"column":11},"end":{"line":1,"column":24}},"1":{"start":{"line":2,"column":17},"end":{"line":2,"column":23}},"2":{"start":{"line":3,"column":16},"end":{"line":3,"column":61}},"3":{"start":{"line":10,"column":2},"end":{"line":13,"column":63}},"4":{"start":{"line":13,"column":18},"end":{"line":13,"column":61}},"5":{"start":{"line":13,"column":48},"end":{"line":13,"column":60}},"6":{"start":{"line":17,"column":2},"end":{"line":20,"column":70}},"7":{"start":{"line":20,"column":18},"end":{"line":20,"column":65}},"8":{"start":{"line":20,"column":51},"end":{"line":20,"column":64}},"9":{"start":{"line":24,"column":13},"end":{"line":24,"column":62}},"10":{"start":{"line":25,"column":16},"end":{"line":25,"column":39}},"11":{"start":{"line":26,"column":16},"end":{"line":26,"column":39}},"12":{"start":{"line":27,"column":19},"end":{"line":27,"column":21}},"13":{"start":{"line":29,"column":2},"end":{"line":35,"column":5}},"14":{"start":{"line":30,"column":19},"end":{"line":30,"column":21}},"15":{"start":{"line":31,"column":4},"end":{"line":33,"column":7}},"16":{"start":{"line":32,"column":6},"end":{"line":32,"column":37}},"17":{"start":{"line":34,"column":4},"end":{"line":34,"column":30}},"18":{"start":{"line":36,"column":2},"end":{"line":36,"column":20}},"19":{"start":{"line":40,"column":19},"end":{"line":40,"column":21}},"20":{"start":{"line":41,"column":2},"end":{"line":41,"column":37}},"21":{"start":{"line":43,"column":2},"end":{"line":49,"column":5}},"22":{"start":{"line":44,"column":19},"end":{"line":44,"column":21}},"23":{"start":{"line":45,"column":4},"end":{"line":47,"column":7}},"24":{"start":{"line":46,"column":6},"end":{"line":46,"column":54}},"25":{"start":{"line":48,"column":4},"end":{"line":48,"column":40}},"26":{"start":{"line":51,"column":2},"end":{"line":51,"column":54}},"27":{"start":{"line":55,"column":24},"end":{"line":55,"column":26}},"28":{"start":{"line":56,"column":23},"end":{"line":56,"column":25}},"29":{"start":{"line":57,"column":2},"end":{"line":71,"column":5}},"30":{"start":{"line":58,"column":20},"end":{"line":58,"column":25}},"31":{"start":{"line":59,"column":4},"end":{"line":67,"column":7}},"32":{"start":{"line":60,"column":6},"end":{"line":62,"column":7}},"33":{"start":{"line":61,"column":8},"end":{"line":61,"column":35}},"34":{"start":{"line":63,"column":6},"end":{"line":65,"column":7}},"35":{"start":{"line":64,"column":8},"end":{"line":64,"column":25}},"36":{"start":{"line":66,"column":6},"end":{"line":66,"column":47}},"37":{"start":{"line":68,"column":4},"end":{"line":70,"column":5}},"38":{"start":{"line":69,"column":6},"end":{"line":69,"column":34}},"39":{"start":{"line":73,"column":2},"end":{"line":73,"column":25}},"40":{"start":{"line":79,"column":2},"end":{"line":89,"column":3}},"41":{"start":{"line":81,"column":6},"end":{"line":81,"column":51}},"42":{"start":{"line":82,"column":6},"end":{"line":82,"column":12}},"43":{"start":{"line":84,"column":6},"end":{"line":84,"column":51}},"44":{"start":{"line":85,"column":6},"end":{"line":85,"column":12}},"45":{"start":{"line":87,"column":6},"end":{"line":87,"column":51}},"46":{"start":{"line":88,"column":6},"end":{"line":88,"column":59}},"47":{"start":{"line":91,"column":2},"end":{"line":91,"column":30}},"48":{"start":{"line":93,"column":2},"end":{"line":93,"column":25}},"49":{"start":{"line":97,"column":2},"end":{"line":97,"column":27}},"50":{"start":{"line":98,"column":16},"end":{"line":98,"column":45}},"51":{"start":{"line":99,"column":24},"end":{"line":99,"column":68}},"52":{"start":{"line":100,"column":2},"end":{"line":100,"column":50}},"53":{"start":{"line":103,"column":0},"end":{"line":107,"column":2}}},"fnMap":{"0":{"name":"validateFile","decl":{"start":{"line":5,"column":9},"end":{"line":5,"column":21}},"loc":{"start":{"line":5,"column":34},"end":{"line":7,"column":1}},"line":5},"1":{"name":"getEntriesFromCSV","decl":{"start":{"line":9,"column":9},"end":{"line":9,"column":26}},"loc":{"start":{"line":9,"column":33},"end":{"line":14,"column":1}},"line":9},"2":{"name":"(anonymous_2)","decl":{"start":{"line":13,"column":9},"end":{"line":13,"column":10}},"loc":{"start":{"line":13,"column":18},"end":{"line":13,"column":61}},"line":13},"3":{"name":"(anonymous_3)","decl":{"start":{"line":13,"column":39},"end":{"line":13,"column":40}},"loc":{"start":{"line":13,"column":48},"end":{"line":13,"column":60}},"line":13},"4":{"name":"getHeadersFromCSV","decl":{"start":{"line":16,"column":9},"end":{"line":16,"column":26}},"loc":{"start":{"line":16,"column":33},"end":{"line":21,"column":1}},"line":16},"5":{"name":"(anonymous_5)","decl":{"start":{"line":20,"column":7},"end":{"line":20,"column":8}},"loc":{"start":{"line":20,"column":18},"end":{"line":20,"column":65}},"line":20},"6":{"name":"(anonymous_6)","decl":{"start":{"line":20,"column":41},"end":{"line":20,"column":42}},"loc":{"start":{"line":20,"column":51},"end":{"line":20,"column":64}},"line":20},"7":{"name":"convertCSVToArray","decl":{"start":{"line":23,"column":9},"end":{"line":23,"column":26}},"loc":{"start":{"line":23,"column":39},"end":{"line":37,"column":1}},"line":23},"8":{"name":"(anonymous_8)","decl":{"start":{"line":29,"column":18},"end":{"line":29,"column":19}},"loc":{"start":{"line":29,"column":27},"end":{"line":35,"column":3}},"line":29},"9":{"name":"(anonymous_9)","decl":{"start":{"line":31,"column":18},"end":{"line":31,"column":19}},"loc":{"start":{"line":31,"column":34},"end":{"line":33,"column":5}},"line":31},"10":{"name":"convertArrayToCSV","decl":{"start":{"line":39,"column":9},"end":{"line":39,"column":26}},"loc":{"start":{"line":39,"column":49},"end":{"line":52,"column":1}},"line":39},"11":{"name":"(anonymous_11)","decl":{"start":{"line":43,"column":18},"end":{"line":43,"column":19}},"loc":{"start":{"line":43,"column":27},"end":{"line":49,"column":3}},"line":43},"12":{"name":"(anonymous_12)","decl":{"start":{"line":45,"column":31},"end":{"line":45,"column":32}},"loc":{"start":{"line":45,"column":40},"end":{"line":47,"column":5}},"line":45},"13":{"name":"filterBy","decl":{"start":{"line":54,"column":9},"end":{"line":54,"column":17}},"loc":{"start":{"line":54,"column":39},"end":{"line":74,"column":1}},"line":54},"14":{"name":"(anonymous_14)","decl":{"start":{"line":57,"column":18},"end":{"line":57,"column":19}},"loc":{"start":{"line":57,"column":27},"end":{"line":71,"column":3}},"line":57},"15":{"name":"(anonymous_15)","decl":{"start":{"line":59,"column":31},"end":{"line":59,"column":32}},"loc":{"start":{"line":59,"column":40},"end":{"line":67,"column":5}},"line":59},"16":{"name":"removeDuplicates","decl":{"start":{"line":76,"column":9},"end":{"line":76,"column":25}},"loc":{"start":{"line":76,"column":54},"end":{"line":94,"column":1}},"line":76},"17":{"name":"orchestrator","decl":{"start":{"line":96,"column":9},"end":{"line":96,"column":21}},"loc":{"start":{"line":96,"column":66},"end":{"line":101,"column":1}},"line":96}},"branchMap":{"0":{"loc":{"start":{"line":60,"column":6},"end":{"line":62,"column":7}},"type":"if","locations":[{"start":{"line":60,"column":6},"end":{"line":62,"column":7}},{"start":{"line":60,"column":6},"end":{"line":62,"column":7}}],"line":60},"1":{"loc":{"start":{"line":63,"column":6},"end":{"line":65,"column":7}},"type":"if","locations":[{"start":{"line":63,"column":6},"end":{"line":65,"column":7}},{"start":{"line":63,"column":6},"end":{"line":65,"column":7}}],"line":63},"2":{"loc":{"start":{"line":63,"column":10},"end":{"line":63,"column":78}},"type":"binary-expr","locations":[{"start":{"line":63,"column":10},"end":{"line":63,"column":30}},{"start":{"line":63,"column":34},"end":{"line":63,"column":78}}],"line":63},"3":{"loc":{"start":{"line":68,"column":4},"end":{"line":70,"column":5}},"type":"if","locations":[{"start":{"line":68,"column":4},"end":{"line":70,"column":5}},{"start":{"line":68,"column":4},"end":{"line":70,"column":5}}],"line":68},"4":{"loc":{"start":{"line":79,"column":2},"end":{"line":89,"column":3}},"type":"switch","locations":[{"start":{"line":80,"column":4},"end":{"line":82,"column":12}},{"start":{"line":83,"column":4},"end":{"line":85,"column":12}},{"start":{"line":86,"column":4},"end":{"line":88,"column":59}}],"line":79}},"s":{"0":1,"1":1,"2":1,"3":1,"4":4,"5":16,"6":1,"7":1,"8":4,"9":1,"10":1,"11":1,"12":1,"13":1,"14":4,"15":4,"16":16,"17":4,"18":1,"19":0,"20":0,"21":0,"22":0,"23":0,"24":0,"25":0,"26":0,"27":1,"28":1,"29":1,"30":4,"31":4,"32":16,"33":4,"34":16,"35":1,"36":16,"37":4,"38":3,"39":1,"40":1,"41":1,"42":1,"43":0,"44":0,"45":0,"46":0,"47":1,"48":1,"49":0,"50":0,"51":0,"52":0,"53":1},"f":{"0":0,"1":1,"2":4,"3":16,"4":1,"5":1,"6":4,"7":1,"8":4,"9":16,"10":0,"11":0,"12":0,"13":1,"14":4,"15":16,"16":1,"17":0},"b":{"0":[4,12],"1":[1,15],"2":[16,4],"3":[3,1],"4":[1,0,0]},"_coverageSchema":"1a1c01bbd47fc00a2c39e90264f33305004495a9","hash":"40412e7653b3fdb4a8d57e54f8f6136eb285f5e3"}
}
