{"/home/peter/projects/csv-filter/lib/duplicateRemover.js": {"path":"/home/peter/projects/csv-filter/lib/duplicateRemover.js","statementMap":{"0":{"start":{"line":1,"column":11},"end":{"line":1,"column":24}},"1":{"start":{"line":2,"column":17},"end":{"line":2,"column":23}},"2":{"start":{"line":9,"column":2},"end":{"line":12,"column":63}},"3":{"start":{"line":12,"column":18},"end":{"line":12,"column":61}},"4":{"start":{"line":12,"column":48},"end":{"line":12,"column":60}},"5":{"start":{"line":16,"column":2},"end":{"line":19,"column":70}},"6":{"start":{"line":19,"column":18},"end":{"line":19,"column":65}},"7":{"start":{"line":19,"column":51},"end":{"line":19,"column":64}},"8":{"start":{"line":23,"column":13},"end":{"line":23,"column":60}},"9":{"start":{"line":24,"column":16},"end":{"line":24,"column":39}},"10":{"start":{"line":25,"column":16},"end":{"line":25,"column":39}},"11":{"start":{"line":26,"column":19},"end":{"line":26,"column":21}},"12":{"start":{"line":28,"column":2},"end":{"line":34,"column":5}},"13":{"start":{"line":29,"column":19},"end":{"line":29,"column":21}},"14":{"start":{"line":30,"column":4},"end":{"line":32,"column":7}},"15":{"start":{"line":31,"column":6},"end":{"line":31,"column":37}},"16":{"start":{"line":33,"column":4},"end":{"line":33,"column":30}},"17":{"start":{"line":36,"column":2},"end":{"line":36,"column":20}},"18":{"start":{"line":44,"column":24},"end":{"line":44,"column":26}},"19":{"start":{"line":45,"column":23},"end":{"line":45,"column":25}},"20":{"start":{"line":46,"column":2},"end":{"line":60,"column":5}},"21":{"start":{"line":47,"column":20},"end":{"line":47,"column":25}},"22":{"start":{"line":48,"column":4},"end":{"line":56,"column":7}},"23":{"start":{"line":49,"column":6},"end":{"line":51,"column":7}},"24":{"start":{"line":50,"column":8},"end":{"line":50,"column":35}},"25":{"start":{"line":52,"column":6},"end":{"line":54,"column":7}},"26":{"start":{"line":53,"column":8},"end":{"line":53,"column":25}},"27":{"start":{"line":55,"column":6},"end":{"line":55,"column":47}},"28":{"start":{"line":57,"column":4},"end":{"line":59,"column":5}},"29":{"start":{"line":58,"column":6},"end":{"line":58,"column":34}},"30":{"start":{"line":62,"column":2},"end":{"line":62,"column":25}},"31":{"start":{"line":68,"column":2},"end":{"line":78,"column":3}},"32":{"start":{"line":70,"column":6},"end":{"line":70,"column":51}},"33":{"start":{"line":71,"column":6},"end":{"line":71,"column":12}},"34":{"start":{"line":73,"column":6},"end":{"line":73,"column":51}},"35":{"start":{"line":74,"column":6},"end":{"line":74,"column":12}},"36":{"start":{"line":76,"column":6},"end":{"line":76,"column":51}},"37":{"start":{"line":77,"column":6},"end":{"line":77,"column":59}},"38":{"start":{"line":80,"column":2},"end":{"line":80,"column":25}},"39":{"start":{"line":84,"column":2},"end":{"line":84,"column":25}},"40":{"start":{"line":86,"column":16},"end":{"line":86,"column":43}},"41":{"start":{"line":87,"column":24},"end":{"line":87,"column":68}},"42":{"start":{"line":89,"column":2},"end":{"line":89,"column":37}},"43":{"start":{"line":92,"column":0},"end":{"line":97,"column":2}}},"fnMap":{"0":{"name":"validateFile","decl":{"start":{"line":4,"column":9},"end":{"line":4,"column":21}},"loc":{"start":{"line":4,"column":32},"end":{"line":6,"column":1}},"line":4},"1":{"name":"getEntriesFromCSV","decl":{"start":{"line":8,"column":9},"end":{"line":8,"column":26}},"loc":{"start":{"line":8,"column":33},"end":{"line":13,"column":1}},"line":8},"2":{"name":"(anonymous_2)","decl":{"start":{"line":12,"column":9},"end":{"line":12,"column":10}},"loc":{"start":{"line":12,"column":18},"end":{"line":12,"column":61}},"line":12},"3":{"name":"(anonymous_3)","decl":{"start":{"line":12,"column":39},"end":{"line":12,"column":40}},"loc":{"start":{"line":12,"column":48},"end":{"line":12,"column":60}},"line":12},"4":{"name":"getHeadersFromCSV","decl":{"start":{"line":15,"column":9},"end":{"line":15,"column":26}},"loc":{"start":{"line":15,"column":33},"end":{"line":20,"column":1}},"line":15},"5":{"name":"(anonymous_5)","decl":{"start":{"line":19,"column":7},"end":{"line":19,"column":8}},"loc":{"start":{"line":19,"column":18},"end":{"line":19,"column":65}},"line":19},"6":{"name":"(anonymous_6)","decl":{"start":{"line":19,"column":41},"end":{"line":19,"column":42}},"loc":{"start":{"line":19,"column":51},"end":{"line":19,"column":64}},"line":19},"7":{"name":"convertCSVToArray","decl":{"start":{"line":22,"column":9},"end":{"line":22,"column":26}},"loc":{"start":{"line":22,"column":37},"end":{"line":37,"column":1}},"line":22},"8":{"name":"(anonymous_8)","decl":{"start":{"line":28,"column":18},"end":{"line":28,"column":19}},"loc":{"start":{"line":28,"column":27},"end":{"line":34,"column":3}},"line":28},"9":{"name":"(anonymous_9)","decl":{"start":{"line":30,"column":18},"end":{"line":30,"column":19}},"loc":{"start":{"line":30,"column":34},"end":{"line":32,"column":5}},"line":30},"10":{"name":"convertArrayToCSV","decl":{"start":{"line":39,"column":9},"end":{"line":39,"column":26}},"loc":{"start":{"line":39,"column":36},"end":{"line":41,"column":1}},"line":39},"11":{"name":"filterBy","decl":{"start":{"line":43,"column":9},"end":{"line":43,"column":17}},"loc":{"start":{"line":43,"column":39},"end":{"line":63,"column":1}},"line":43},"12":{"name":"(anonymous_12)","decl":{"start":{"line":46,"column":18},"end":{"line":46,"column":19}},"loc":{"start":{"line":46,"column":27},"end":{"line":60,"column":3}},"line":46},"13":{"name":"(anonymous_13)","decl":{"start":{"line":48,"column":31},"end":{"line":48,"column":32}},"loc":{"start":{"line":48,"column":40},"end":{"line":56,"column":5}},"line":48},"14":{"name":"removeDuplicates","decl":{"start":{"line":65,"column":9},"end":{"line":65,"column":25}},"loc":{"start":{"line":65,"column":54},"end":{"line":81,"column":1}},"line":65},"15":{"name":"orchestrator","decl":{"start":{"line":83,"column":9},"end":{"line":83,"column":21}},"loc":{"start":{"line":83,"column":51},"end":{"line":90,"column":1}},"line":83}},"branchMap":{"0":{"loc":{"start":{"line":49,"column":6},"end":{"line":51,"column":7}},"type":"if","locations":[{"start":{"line":49,"column":6},"end":{"line":51,"column":7}},{"start":{"line":49,"column":6},"end":{"line":51,"column":7}}],"line":49},"1":{"loc":{"start":{"line":52,"column":6},"end":{"line":54,"column":7}},"type":"if","locations":[{"start":{"line":52,"column":6},"end":{"line":54,"column":7}},{"start":{"line":52,"column":6},"end":{"line":54,"column":7}}],"line":52},"2":{"loc":{"start":{"line":52,"column":10},"end":{"line":52,"column":78}},"type":"binary-expr","locations":[{"start":{"line":52,"column":10},"end":{"line":52,"column":30}},{"start":{"line":52,"column":34},"end":{"line":52,"column":78}}],"line":52},"3":{"loc":{"start":{"line":57,"column":4},"end":{"line":59,"column":5}},"type":"if","locations":[{"start":{"line":57,"column":4},"end":{"line":59,"column":5}},{"start":{"line":57,"column":4},"end":{"line":59,"column":5}}],"line":57},"4":{"loc":{"start":{"line":68,"column":2},"end":{"line":78,"column":3}},"type":"switch","locations":[{"start":{"line":69,"column":4},"end":{"line":71,"column":12}},{"start":{"line":72,"column":4},"end":{"line":74,"column":12}},{"start":{"line":75,"column":4},"end":{"line":77,"column":59}}],"line":68}},"s":{"0":1,"1":1,"2":1,"3":4,"4":16,"5":1,"6":1,"7":4,"8":1,"9":1,"10":1,"11":1,"12":1,"13":4,"14":4,"15":16,"16":4,"17":1,"18":4,"19":4,"20":4,"21":15,"22":15,"23":60,"24":16,"25":60,"26":4,"27":60,"28":15,"29":11,"30":4,"31":3,"32":1,"33":1,"34":1,"35":1,"36":1,"37":1,"38":3,"39":0,"40":0,"41":0,"42":0,"43":1},"f":{"0":0,"1":1,"2":4,"3":16,"4":1,"5":1,"6":4,"7":1,"8":4,"9":16,"10":0,"11":4,"12":15,"13":60,"14":3,"15":0},"b":{"0":[16,44],"1":[4,56],"2":[60,15],"3":[11,4],"4":[1,1,1]},"_coverageSchema":"1a1c01bbd47fc00a2c39e90264f33305004495a9","hash":"7c49d8f8ff834e91818be52c535ca5100887979a"}
}
