TN:
SF:lib/duplicateRemover.js
FN:5,validateFile
FN:9,getEntriesFromCSV
FN:13,(anonymous_2)
FN:13,(anonymous_3)
FN:16,getHeadersFromCSV
FN:20,(anonymous_5)
FN:20,(anonymous_6)
FN:23,convertCSVToArray
FN:29,(anonymous_8)
FN:31,(anonymous_9)
FN:39,convertArrayToCSV
FN:43,(anonymous_11)
FN:45,(anonymous_12)
FN:54,filterBy
FN:57,(anonymous_14)
FN:59,(anonymous_15)
FN:76,removeDuplicates
FN:96,orchestrator
FNF:18
FNH:13
FNDA:0,validateFile
FNDA:1,getEntriesFromCSV
FNDA:4,(anonymous_2)
FNDA:16,(anonymous_3)
FNDA:1,getHeadersFromCSV
FNDA:1,(anonymous_5)
FNDA:4,(anonymous_6)
FNDA:1,convertCSVToArray
FNDA:4,(anonymous_8)
FNDA:16,(anonymous_9)
FNDA:0,convertArrayToCSV
FNDA:0,(anonymous_11)
FNDA:0,(anonymous_12)
FNDA:1,filterBy
FNDA:4,(anonymous_14)
FNDA:16,(anonymous_15)
FNDA:1,removeDuplicates
FNDA:0,orchestrator
DA:1,1
DA:2,1
DA:3,1
DA:10,1
DA:13,16
DA:17,1
DA:20,4
DA:24,1
DA:25,1
DA:26,1
DA:27,1
DA:29,1
DA:30,4
DA:31,4
DA:32,16
DA:34,4
DA:36,1
DA:40,0
DA:41,0
DA:43,0
DA:44,0
DA:45,0
DA:46,0
DA:48,0
DA:51,0
DA:55,1
DA:56,1
DA:57,1
DA:58,4
DA:59,4
DA:60,16
DA:61,4
DA:63,16
DA:64,1
DA:66,16
DA:68,4
DA:69,3
DA:73,1
DA:79,1
DA:81,1
DA:82,1
DA:84,0
DA:85,0
DA:87,0
DA:88,0
DA:91,1
DA:93,1
DA:97,0
DA:98,0
DA:99,0
DA:100,0
DA:103,1
LF:52
LH:36
BRDA:60,0,0,4
BRDA:60,0,1,12
BRDA:63,1,0,1
BRDA:63,1,1,15
BRDA:63,2,0,16
BRDA:63,2,1,4
BRDA:68,3,0,3
BRDA:68,3,1,1
BRDA:79,4,0,1
BRDA:79,4,1,0
BRDA:79,4,2,0
BRF:11
BRH:9
end_of_record
