TN:
SF:lib/duplicateRemover.js
FN:4,validateFile
FN:8,getEntriesFromCSV
FN:12,(anonymous_2)
FN:12,(anonymous_3)
FN:15,getHeadersFromCSV
FN:19,(anonymous_5)
FN:19,(anonymous_6)
FN:22,convertCSVToArray
FN:28,(anonymous_8)
FN:30,(anonymous_9)
FN:39,convertArrayToCSV
FN:43,filterBy
FN:46,(anonymous_12)
FN:48,(anonymous_13)
FN:65,removeDuplicates
FN:83,orchestrator
FNF:16
FNH:13
FNDA:0,validateFile
FNDA:1,getEntriesFromCSV
FNDA:4,(anonymous_2)
FNDA:16,(anonymous_3)
FNDA:1,getHeadersFromCSV
FNDA:1,(anonymous_5)
FNDA:4,(anonymous_6)
FNDA:1,convertCSVToArray
FNDA:4,(anonymous_8)
FNDA:16,(anonymous_9)
FNDA:0,convertArrayToCSV
FNDA:4,filterBy
FNDA:15,(anonymous_12)
FNDA:60,(anonymous_13)
FNDA:3,removeDuplicates
FNDA:0,orchestrator
DA:1,1
DA:2,1
DA:9,1
DA:12,16
DA:16,1
DA:19,4
DA:23,1
DA:24,1
DA:25,1
DA:26,1
DA:28,1
DA:29,4
DA:30,4
DA:31,16
DA:33,4
DA:36,1
DA:44,4
DA:45,4
DA:46,4
DA:47,15
DA:48,15
DA:49,60
DA:50,16
DA:52,60
DA:53,4
DA:55,60
DA:57,15
DA:58,11
DA:62,4
DA:68,3
DA:70,1
DA:71,1
DA:73,1
DA:74,1
DA:76,1
DA:77,1
DA:80,3
DA:84,0
DA:86,0
DA:87,0
DA:89,0
DA:92,1
LF:42
LH:38
BRDA:49,0,0,16
BRDA:49,0,1,44
BRDA:52,1,0,4
BRDA:52,1,1,56
BRDA:52,2,0,60
BRDA:52,2,1,15
BRDA:57,3,0,11
BRDA:57,3,1,4
BRDA:68,4,0,1
BRDA:68,4,1,1
BRDA:68,4,2,1
BRF:11
BRH:11
end_of_record
